  [1m[35m (1.1ms)[0m  [1m[34mSELECT "schema_migrations"."version" FROM "schema_migrations" ORDER BY "schema_migrations"."version" ASC[0m
  [1m[35m (0.6ms)[0m  [1m[34mSELECT "ar_internal_metadata"."value" FROM "ar_internal_metadata" WHERE "ar_internal_metadata"."key" = $1[0m  [["key", "environment"]]
  [1m[35m (0.3ms)[0m  [1m[34mSELECT "schema_migrations"."version" FROM "schema_migrations" ORDER BY "schema_migrations"."version" ASC[0m
  [1m[35m (0.2ms)[0m  [1m[34mSELECT "ar_internal_metadata"."value" FROM "ar_internal_metadata" WHERE "ar_internal_metadata"."key" = $1[0m  [["key", "environment"]]
  [1m[35m (0.2ms)[0m  [1m[34mSELECT "schema_migrations"."version" FROM "schema_migrations" ORDER BY "schema_migrations"."version" ASC[0m
  [1m[35m (0.2ms)[0m  [1m[34mSELECT "ar_internal_metadata"."value" FROM "ar_internal_metadata" WHERE "ar_internal_metadata"."key" = $1[0m  [["key", "environment"]]
  [1m[35m (124.5ms)[0m  [1m[35mDROP DATABASE IF EXISTS "irisinami_development"[0m
  [1m[35m (116.0ms)[0m  [1m[35mDROP DATABASE IF EXISTS "irisinami_test"[0m
Started GET "/" for 127.0.0.1 at 2018-02-24 07:31:10 -0800
Processing by LandingController#index as HTML
  Rendering landing/index.html.erb within layouts/application
  Rendered landing/index.html.erb within layouts/application (1.5ms)
Completed 200 OK in 2272ms (Views: 2043.6ms)


Started GET "/" for 127.0.0.1 at 2018-02-24 07:33:32 -0800
Processing by LandingController#index as HTML
  Rendering landing/index.html.erb within layouts/application
  Rendered landing/index.html.erb within layouts/application (1.0ms)
Completed 200 OK in 34ms (Views: 28.5ms)


Started GET "/" for 127.0.0.1 at 2018-02-26 05:08:44 -0800
Processing by LandingController#index as HTML
  Rendering landing/index.html.erb within layouts/application
  Rendered landing/index.html.erb within layouts/application (1.8ms)
Completed 200 OK in 1939ms (Views: 1645.8ms)


Started GET "/" for 127.0.0.1 at 2018-02-26 05:20:27 -0800
Processing by LandingController#index as HTML
  Rendering landing/index.html.erb within layouts/application
  Rendered landing/index.html.erb within layouts/application (0.8ms)
Completed 200 OK in 25ms (Views: 22.2ms)


Started GET "/" for 127.0.0.1 at 2018-02-26 05:22:11 -0800
Processing by LandingController#index as HTML
  Rendering landing/index.html.erb within layouts/application
  Rendered landing/index.html.erb within layouts/application (0.5ms)
Completed 200 OK in 24ms (Views: 20.9ms)


Started GET "/" for 127.0.0.1 at 2018-02-26 05:25:53 -0800
Processing by LandingController#index as HTML
  Rendering landing/index.html.erb within layouts/application
  Rendered landing/index.html.erb within layouts/application (0.6ms)
Completed 200 OK in 20ms (Views: 17.7ms)


Started GET "/" for 127.0.0.1 at 2018-02-26 05:26:13 -0800
Processing by LandingController#index as HTML
  Rendering landing/index.html.erb within layouts/application
  Rendered landing/index.html.erb within layouts/application (0.6ms)
Completed 200 OK in 23ms (Views: 20.2ms)


Started GET "/" for 127.0.0.1 at 2018-02-26 05:28:12 -0800
Processing by LandingController#index as HTML
  Rendering landing/index.html.erb within layouts/application
  Rendered landing/index.html.erb within layouts/application (0.5ms)
Completed 200 OK in 20ms (Views: 17.7ms)


Started GET "/" for 127.0.0.1 at 2018-02-26 05:29:29 -0800
Processing by LandingController#index as HTML
  Rendering landing/index.html.erb within layouts/application
  Rendered landing/index.html.erb within layouts/application (0.4ms)
Completed 200 OK in 22ms (Views: 19.2ms)


Started GET "/" for 127.0.0.1 at 2018-02-26 05:29:38 -0800
Processing by LandingController#index as HTML
  Rendering landing/index.html.erb within layouts/application
  Rendered landing/index.html.erb within layouts/application (0.6ms)
Completed 200 OK in 31ms (Views: 27.4ms)


Started GET "/" for 127.0.0.1 at 2018-02-26 05:29:55 -0800
Processing by LandingController#index as HTML
  Rendering landing/index.html.erb within layouts/application
  Rendered landing/index.html.erb within layouts/application (0.5ms)
Completed 200 OK in 21ms (Views: 19.2ms)


Started GET "/" for 127.0.0.1 at 2018-02-26 05:30:06 -0800
Processing by LandingController#index as HTML
  Rendering landing/index.html.erb within layouts/application
  Rendered landing/index.html.erb within layouts/application (0.6ms)
Completed 200 OK in 39ms (Views: 37.0ms)


Started GET "/" for 127.0.0.1 at 2018-02-26 05:30:08 -0800
Processing by LandingController#index as HTML
  Rendering landing/index.html.erb within layouts/application
  Rendered landing/index.html.erb within layouts/application (0.7ms)
Completed 200 OK in 30ms (Views: 27.0ms)


Started GET "/" for 127.0.0.1 at 2018-02-26 05:34:07 -0800
Processing by LandingController#index as HTML
  Rendering landing/index.html.erb within layouts/application
  Rendered landing/index.html.erb within layouts/application (0.5ms)
Completed 200 OK in 20ms (Views: 16.8ms)


Started GET "/" for 127.0.0.1 at 2018-02-26 05:34:21 -0800
Processing by LandingController#index as HTML
  Rendering landing/index.html.erb within layouts/application
  Rendered landing/index.html.erb within layouts/application (0.5ms)
Completed 200 OK in 23ms (Views: 20.6ms)


Started GET "/" for 127.0.0.1 at 2018-02-26 05:35:06 -0800
Processing by LandingController#index as HTML
  Rendering landing/index.html.erb within layouts/application
  Rendered landing/index.html.erb within layouts/application (0.5ms)
Completed 200 OK in 52ms (Views: 49.7ms)


Started GET "/" for 127.0.0.1 at 2018-02-26 05:35:09 -0800
Processing by LandingController#index as HTML
  Rendering landing/index.html.erb within layouts/application
  Rendered landing/index.html.erb within layouts/application (0.8ms)
Completed 200 OK in 28ms (Views: 25.9ms)


Started GET "/" for 127.0.0.1 at 2018-02-26 05:36:07 -0800
Processing by LandingController#index as HTML
  Rendering landing/index.html.erb within layouts/application
  Rendered landing/index.html.erb within layouts/application (0.5ms)
Completed 200 OK in 21ms (Views: 18.4ms)


Started GET "/" for 127.0.0.1 at 2018-02-26 05:36:27 -0800
Processing by LandingController#index as HTML
  Rendering landing/index.html.erb within layouts/application
  Rendered landing/index.html.erb within layouts/application (0.5ms)
Completed 200 OK in 28ms (Views: 25.4ms)


Started GET "/" for 127.0.0.1 at 2018-02-26 05:36:35 -0800
Processing by LandingController#index as HTML
  Rendering landing/index.html.erb within layouts/application
  Rendered landing/index.html.erb within layouts/application (0.6ms)
Completed 200 OK in 24ms (Views: 21.1ms)


Started GET "/" for 127.0.0.1 at 2018-02-26 05:37:20 -0800
Processing by LandingController#index as HTML
  Rendering landing/index.html.erb within layouts/application
  Rendered landing/index.html.erb within layouts/application (0.6ms)
Completed 200 OK in 25ms (Views: 21.7ms)


Started GET "/" for 127.0.0.1 at 2018-02-26 05:37:23 -0800
Processing by LandingController#index as HTML
  Rendering landing/index.html.erb within layouts/application
  Rendered landing/index.html.erb within layouts/application (0.5ms)
Completed 200 OK in 25ms (Views: 20.9ms)


Started GET "/" for 127.0.0.1 at 2018-02-26 05:37:43 -0800
Processing by LandingController#index as HTML
  Rendering landing/index.html.erb within layouts/application
  Rendered landing/index.html.erb within layouts/application (0.5ms)
Completed 200 OK in 21ms (Views: 18.1ms)


Started GET "/" for 127.0.0.1 at 2018-02-26 05:38:00 -0800
Processing by LandingController#index as HTML
  Rendering landing/index.html.erb within layouts/application
  Rendered landing/index.html.erb within layouts/application (0.7ms)
Completed 200 OK in 30ms (Views: 26.7ms)


Started GET "/" for 127.0.0.1 at 2018-02-26 05:38:00 -0800
Processing by LandingController#index as HTML
  Rendering landing/index.html.erb within layouts/application
  Rendered landing/index.html.erb within layouts/application (0.5ms)
Completed 200 OK in 29ms (Views: 26.2ms)


Started GET "/" for 127.0.0.1 at 2018-02-26 05:38:02 -0800
Processing by LandingController#index as HTML
  Rendering landing/index.html.erb within layouts/application
  Rendered landing/index.html.erb within layouts/application (0.5ms)
Completed 200 OK in 21ms (Views: 18.2ms)


Started GET "/" for 127.0.0.1 at 2018-02-26 05:38:12 -0800
Processing by LandingController#index as HTML
  Rendering landing/index.html.erb within layouts/application
  Rendered landing/index.html.erb within layouts/application (0.5ms)
Completed 200 OK in 22ms (Views: 18.6ms)


Started GET "/" for 127.0.0.1 at 2018-02-26 05:40:15 -0800
Processing by LandingController#index as HTML
  Rendering landing/index.html.erb within layouts/application
  Rendered landing/index.html.erb within layouts/application (0.5ms)
Completed 200 OK in 22ms (Views: 19.2ms)


Started GET "/" for 127.0.0.1 at 2018-02-26 05:40:26 -0800
Processing by LandingController#index as HTML
  Rendering landing/index.html.erb within layouts/application
  Rendered landing/index.html.erb within layouts/application (0.4ms)
Completed 200 OK in 23ms (Views: 20.4ms)


Started GET "/" for 127.0.0.1 at 2018-02-26 06:02:43 -0800
Processing by LandingController#index as HTML
  Rendering landing/index.html.erb within layouts/application
  Rendered landing/index.html.erb within layouts/application (0.8ms)
Completed 200 OK in 30ms (Views: 26.6ms)


Started GET "/" for 127.0.0.1 at 2018-02-26 06:02:44 -0800
Processing by LandingController#index as HTML
  Rendering landing/index.html.erb within layouts/application
  Rendered landing/index.html.erb within layouts/application (0.7ms)
Completed 200 OK in 27ms (Views: 24.6ms)


Started GET "/" for 127.0.0.1 at 2018-02-26 06:02:56 -0800
Processing by LandingController#index as HTML
  Rendering landing/index.html.erb within layouts/application
  Rendered landing/index.html.erb within layouts/application (0.6ms)
Completed 200 OK in 30ms (Views: 27.3ms)


Started GET "/" for 127.0.0.1 at 2018-02-26 06:03:24 -0800
Processing by LandingController#index as HTML
  Rendering landing/index.html.erb within layouts/application
  Rendered landing/index.html.erb within layouts/application (0.8ms)
Completed 200 OK in 32ms (Views: 29.3ms)


Started GET "/" for 127.0.0.1 at 2018-02-26 06:04:19 -0800
Processing by LandingController#index as HTML
  Rendering landing/index.html.erb within layouts/application
  Rendered landing/index.html.erb within layouts/application (0.7ms)
Completed 200 OK in 28ms (Views: 25.2ms)


Started GET "/" for 127.0.0.1 at 2018-02-26 06:05:54 -0800
Processing by LandingController#index as HTML
  Rendering landing/index.html.erb within layouts/application
  Rendered landing/index.html.erb within layouts/application (0.9ms)
Completed 200 OK in 28ms (Views: 25.0ms)


Started GET "/" for 127.0.0.1 at 2018-02-26 06:06:00 -0800
Processing by LandingController#index as HTML
  Rendering landing/index.html.erb within layouts/application
  Rendered landing/index.html.erb within layouts/application (1.2ms)
Completed 200 OK in 34ms (Views: 30.0ms)


Started GET "/" for 127.0.0.1 at 2018-02-26 06:06:01 -0800
Processing by LandingController#index as HTML
  Rendering landing/index.html.erb within layouts/application
  Rendered landing/index.html.erb within layouts/application (0.6ms)
Completed 200 OK in 25ms (Views: 22.4ms)


Started GET "/" for 127.0.0.1 at 2018-02-26 06:06:02 -0800
Processing by LandingController#index as HTML
  Rendering landing/index.html.erb within layouts/application
  Rendered landing/index.html.erb within layouts/application (0.6ms)
Completed 200 OK in 29ms (Views: 26.3ms)


Started GET "/" for 127.0.0.1 at 2018-02-26 06:06:07 -0800
Processing by LandingController#index as HTML
  Rendering landing/index.html.erb within layouts/application
  Rendered landing/index.html.erb within layouts/application (0.9ms)
Completed 200 OK in 27ms (Views: 24.2ms)


Started GET "/" for 127.0.0.1 at 2018-02-26 06:07:11 -0800
Processing by LandingController#index as HTML
  Rendering landing/index.html.erb within layouts/application
  Rendered landing/index.html.erb within layouts/application (0.5ms)
Completed 200 OK in 21ms (Views: 18.0ms)


Started GET "/" for 127.0.0.1 at 2018-02-26 06:07:11 -0800
Processing by LandingController#index as HTML
  Rendering landing/index.html.erb within layouts/application
  Rendered landing/index.html.erb within layouts/application (0.5ms)
Completed 200 OK in 21ms (Views: 18.0ms)


Started GET "/" for 127.0.0.1 at 2018-02-26 06:07:18 -0800
Processing by LandingController#index as HTML
  Rendering landing/index.html.erb within layouts/application
  Rendered landing/index.html.erb within layouts/application (0.6ms)
Completed 200 OK in 23ms (Views: 18.9ms)


Started GET "/" for 127.0.0.1 at 2018-02-26 06:07:22 -0800
Processing by LandingController#index as HTML
  Rendering landing/index.html.erb within layouts/application
  Rendered landing/index.html.erb within layouts/application (1.0ms)
Completed 200 OK in 42ms (Views: 38.0ms)


Started GET "/" for 127.0.0.1 at 2018-02-26 06:15:11 -0800
Processing by LandingController#index as HTML
  Rendering landing/index.html.erb within layouts/application
  Rendered landing/index.html.erb within layouts/application (0.7ms)
Completed 200 OK in 28ms (Views: 25.3ms)


Started GET "/" for 127.0.0.1 at 2018-02-26 06:15:11 -0800
Processing by LandingController#index as HTML
  Rendering landing/index.html.erb within layouts/application
  Rendered landing/index.html.erb within layouts/application (0.6ms)
Completed 200 OK in 26ms (Views: 22.8ms)


Started GET "/" for 127.0.0.1 at 2018-02-26 06:15:36 -0800
Processing by LandingController#index as HTML
  Rendering landing/index.html.erb within layouts/application
  Rendered landing/index.html.erb within layouts/application (0.6ms)
Completed 200 OK in 24ms (Views: 20.7ms)


Started GET "/" for 127.0.0.1 at 2018-02-26 06:15:39 -0800
Processing by LandingController#index as HTML
  Rendering landing/index.html.erb within layouts/application
  Rendered landing/index.html.erb within layouts/application (0.5ms)
Completed 200 OK in 22ms (Views: 19.8ms)


Started GET "/" for 127.0.0.1 at 2018-02-26 06:15:40 -0800
Processing by LandingController#index as HTML
  Rendering landing/index.html.erb within layouts/application
  Rendered landing/index.html.erb within layouts/application (0.6ms)
Completed 200 OK in 21ms (Views: 18.7ms)


Started GET "/" for 127.0.0.1 at 2018-02-26 06:16:11 -0800
Processing by LandingController#index as HTML
  Rendering landing/index.html.erb within layouts/application
  Rendered landing/index.html.erb within layouts/application (0.7ms)
Completed 200 OK in 24ms (Views: 21.6ms)


Started GET "/" for 127.0.0.1 at 2018-02-26 06:16:19 -0800
Processing by LandingController#index as HTML
  Rendering landing/index.html.erb within layouts/application
  Rendered landing/index.html.erb within layouts/application (0.5ms)
Completed 200 OK in 23ms (Views: 20.2ms)


Started GET "/" for 127.0.0.1 at 2018-02-26 06:17:53 -0800
Processing by LandingController#index as HTML
  Rendering landing/index.html.erb within layouts/application
  Rendered landing/index.html.erb within layouts/application (0.5ms)
Completed 200 OK in 24ms (Views: 21.5ms)


Started GET "/" for 127.0.0.1 at 2018-02-26 06:17:54 -0800
Processing by LandingController#index as HTML
  Rendering landing/index.html.erb within layouts/application
  Rendered landing/index.html.erb within layouts/application (0.5ms)
Completed 200 OK in 23ms (Views: 20.2ms)


Started GET "/" for 127.0.0.1 at 2018-02-26 06:18:12 -0800
Processing by LandingController#index as HTML
  Rendering landing/index.html.erb within layouts/application
  Rendered landing/index.html.erb within layouts/application (0.5ms)
Completed 200 OK in 20ms (Views: 16.8ms)


Started GET "/" for 127.0.0.1 at 2018-02-26 06:22:19 -0800
Processing by LandingController#index as HTML
  Rendering landing/index.html.erb within layouts/application
  Rendered landing/index.html.erb within layouts/application (0.6ms)
Completed 200 OK in 36ms (Views: 30.7ms)


Started GET "/" for 127.0.0.1 at 2018-02-26 06:22:40 -0800
Processing by LandingController#index as HTML
  Rendering landing/index.html.erb within layouts/application
  Rendered landing/index.html.erb within layouts/application (0.5ms)
Completed 200 OK in 26ms (Views: 24.1ms)


Started GET "/" for 127.0.0.1 at 2018-02-26 06:27:53 -0800
Processing by LandingController#index as HTML
  Rendering landing/index.html.erb within layouts/application
  Rendered landing/index.html.erb within layouts/application (0.5ms)
Completed 200 OK in 25ms (Views: 22.7ms)


Started GET "/" for 127.0.0.1 at 2018-02-26 06:31:46 -0800
Processing by LandingController#index as HTML
  Rendering landing/index.html.erb within layouts/application
  Rendered landing/index.html.erb within layouts/application (0.6ms)
Completed 200 OK in 35ms (Views: 31.3ms)


Started GET "/" for 127.0.0.1 at 2018-02-26 06:31:54 -0800
Processing by LandingController#index as HTML
  Rendering landing/index.html.erb within layouts/application
  Rendered landing/index.html.erb within layouts/application (0.5ms)
Completed 200 OK in 20ms (Views: 18.1ms)


Started GET "/" for 127.0.0.1 at 2018-02-26 06:33:25 -0800
Processing by LandingController#index as HTML
  Rendering landing/index.html.erb within layouts/application
  Rendered landing/index.html.erb within layouts/application (0.9ms)
Completed 200 OK in 23ms (Views: 19.3ms)


Started GET "/" for 127.0.0.1 at 2018-02-26 06:33:34 -0800
Processing by LandingController#index as HTML
  Rendering landing/index.html.erb within layouts/application
  Rendered landing/index.html.erb within layouts/application (0.5ms)
Completed 200 OK in 21ms (Views: 18.3ms)


Started GET "/" for 127.0.0.1 at 2018-02-26 06:33:56 -0800
Processing by LandingController#index as HTML
  Rendering landing/index.html.erb within layouts/application
  Rendered landing/index.html.erb within layouts/application (0.7ms)
Completed 200 OK in 34ms (Views: 31.4ms)


Started GET "/blog" for 127.0.0.1 at 2018-02-26 06:33:56 -0800
  
ActionController::RoutingError (No route matches [GET] "/blog"):
  
actionpack (5.1.5) lib/action_dispatch/middleware/debug_exceptions.rb:63:in `call'
web-console (3.5.1) lib/web_console/middleware.rb:135:in `call_app'
web-console (3.5.1) lib/web_console/middleware.rb:28:in `block in call'
web-console (3.5.1) lib/web_console/middleware.rb:18:in `catch'
web-console (3.5.1) lib/web_console/middleware.rb:18:in `call'
actionpack (5.1.5) lib/action_dispatch/middleware/show_exceptions.rb:31:in `call'
railties (5.1.5) lib/rails/rack/logger.rb:36:in `call_app'
railties (5.1.5) lib/rails/rack/logger.rb:24:in `block in call'
activesupport (5.1.5) lib/active_support/tagged_logging.rb:69:in `block in tagged'
activesupport (5.1.5) lib/active_support/tagged_logging.rb:26:in `tagged'
activesupport (5.1.5) lib/active_support/tagged_logging.rb:69:in `tagged'
railties (5.1.5) lib/rails/rack/logger.rb:24:in `call'
sprockets-rails (3.2.1) lib/sprockets/rails/quiet_assets.rb:13:in `call'
actionpack (5.1.5) lib/action_dispatch/middleware/remote_ip.rb:79:in `call'
request_store (1.4.0) lib/request_store/middleware.rb:19:in `call'
actionpack (5.1.5) lib/action_dispatch/middleware/request_id.rb:25:in `call'
rack (2.0.4) lib/rack/method_override.rb:22:in `call'
rack (2.0.4) lib/rack/runtime.rb:22:in `call'
activesupport (5.1.5) lib/active_support/cache/strategy/local_cache_middleware.rb:27:in `call'
actionpack (5.1.5) lib/action_dispatch/middleware/executor.rb:12:in `call'
actionpack (5.1.5) lib/action_dispatch/middleware/static.rb:125:in `call'
rack (2.0.4) lib/rack/sendfile.rb:111:in `call'
webpacker (3.2.2) lib/webpacker/dev_server_proxy.rb:18:in `perform_request'
rack-proxy (0.6.3) lib/rack/proxy.rb:57:in `call'
railties (5.1.5) lib/rails/engine.rb:522:in `call'
puma (3.11.2) lib/puma/configuration.rb:225:in `call'
puma (3.11.2) lib/puma/server.rb:624:in `handle_request'
puma (3.11.2) lib/puma/server.rb:438:in `process_client'
puma (3.11.2) lib/puma/server.rb:302:in `block in run'
puma (3.11.2) lib/puma/thread_pool.rb:120:in `block in spawn_thread'
Started GET "/" for 127.0.0.1 at 2018-02-26 06:33:59 -0800
Processing by LandingController#index as HTML
  Rendering landing/index.html.erb within layouts/application
  Rendered landing/index.html.erb within layouts/application (1.4ms)
Completed 200 OK in 33ms (Views: 29.2ms)


Started GET "/" for 127.0.0.1 at 2018-02-26 06:33:59 -0800
Processing by LandingController#index as HTML
  Rendering landing/index.html.erb within layouts/application
  Rendered landing/index.html.erb within layouts/application (0.5ms)
Completed 200 OK in 23ms (Views: 19.6ms)


Started GET "/" for 127.0.0.1 at 2018-02-26 06:34:05 -0800
Processing by LandingController#index as HTML
  Rendering landing/index.html.erb within layouts/application
  Rendered landing/index.html.erb within layouts/application (0.5ms)
Completed 200 OK in 22ms (Views: 18.3ms)


Started GET "/" for 127.0.0.1 at 2018-02-26 06:34:05 -0800
Processing by LandingController#index as HTML
  Rendering landing/index.html.erb within layouts/application
  Rendered landing/index.html.erb within layouts/application (0.5ms)
Completed 200 OK in 20ms (Views: 17.9ms)


Started GET "/" for 127.0.0.1 at 2018-02-26 06:34:10 -0800
Processing by LandingController#index as HTML
  Rendering landing/index.html.erb within layouts/application
  Rendered landing/index.html.erb within layouts/application (0.8ms)
Completed 200 OK in 20ms (Views: 18.1ms)


Started GET "/" for 127.0.0.1 at 2018-02-26 06:34:10 -0800
Processing by LandingController#index as HTML
  Rendering landing/index.html.erb within layouts/application
  Rendered landing/index.html.erb within layouts/application (0.7ms)
Completed 200 OK in 24ms (Views: 21.5ms)


Started GET "/" for 127.0.0.1 at 2018-02-26 06:34:11 -0800
Processing by LandingController#index as HTML
  Rendering landing/index.html.erb within layouts/application
  Rendered landing/index.html.erb within layouts/application (0.8ms)
Completed 200 OK in 27ms (Views: 23.8ms)


Started GET "/" for 127.0.0.1 at 2018-02-26 06:36:24 -0800
Processing by LandingController#index as HTML
  Rendering landing/index.html.erb within layouts/application
  Rendered landing/index.html.erb within layouts/application (0.6ms)
Completed 200 OK in 21ms (Views: 18.1ms)


Started GET "/" for 127.0.0.1 at 2018-02-26 06:36:26 -0800
Processing by LandingController#index as HTML
  Rendering landing/index.html.erb within layouts/application
  Rendered landing/index.html.erb within layouts/application (0.9ms)
Completed 200 OK in 26ms (Views: 22.7ms)


Started GET "/" for 127.0.0.1 at 2018-02-26 06:36:35 -0800
Processing by LandingController#index as HTML
  Rendering landing/index.html.erb within layouts/application
  Rendered landing/index.html.erb within layouts/application (0.4ms)
Completed 200 OK in 18ms (Views: 16.1ms)


Started GET "/" for 127.0.0.1 at 2018-02-26 06:36:44 -0800
Processing by LandingController#index as HTML
  Rendering landing/index.html.erb within layouts/application
  Rendered landing/index.html.erb within layouts/application (0.8ms)
Completed 200 OK in 28ms (Views: 24.1ms)


Started GET "/" for 127.0.0.1 at 2018-02-26 06:37:17 -0800
Processing by LandingController#index as HTML
  Rendering landing/index.html.erb within layouts/application
  Rendered landing/index.html.erb within layouts/application (0.8ms)
Completed 200 OK in 27ms (Views: 23.9ms)


Started GET "/" for 127.0.0.1 at 2018-02-26 06:37:18 -0800
Processing by LandingController#index as HTML
  Rendering landing/index.html.erb within layouts/application
  Rendered landing/index.html.erb within layouts/application (2.0ms)
Completed 200 OK in 34ms (Views: 31.9ms)


Started GET "/" for 127.0.0.1 at 2018-02-26 06:37:19 -0800
Processing by LandingController#index as HTML
  Rendering landing/index.html.erb within layouts/application
  Rendered landing/index.html.erb within layouts/application (0.6ms)
Completed 200 OK in 35ms (Views: 32.0ms)


Started GET "/" for 127.0.0.1 at 2018-02-26 06:38:04 -0800
Processing by LandingController#index as HTML
  Rendering landing/index.html.erb within layouts/application
  Rendered landing/index.html.erb within layouts/application (0.7ms)
Completed 200 OK in 25ms (Views: 22.6ms)


Started GET "/" for 127.0.0.1 at 2018-02-26 06:38:47 -0800
Processing by LandingController#index as HTML
  Rendering landing/index.html.erb within layouts/application
  Rendered landing/index.html.erb within layouts/application (1.3ms)
Completed 200 OK in 35ms (Views: 32.7ms)


Started GET "/" for 127.0.0.1 at 2018-02-26 06:39:02 -0800
Processing by LandingController#index as HTML
  Rendering landing/index.html.erb within layouts/application
  Rendered landing/index.html.erb within layouts/application (0.5ms)
Completed 200 OK in 20ms (Views: 16.4ms)


Started GET "/" for 127.0.0.1 at 2018-02-26 06:39:05 -0800
Processing by LandingController#index as HTML
  Rendering landing/index.html.erb within layouts/application
  Rendered landing/index.html.erb within layouts/application (0.6ms)
Completed 200 OK in 28ms (Views: 25.8ms)


Started GET "/" for 127.0.0.1 at 2018-02-26 06:39:13 -0800
Processing by LandingController#index as HTML
  Rendering landing/index.html.erb within layouts/application
  Rendered landing/index.html.erb within layouts/application (0.9ms)
Completed 200 OK in 26ms (Views: 23.3ms)


Started GET "/" for 127.0.0.1 at 2018-02-26 06:39:24 -0800
Processing by LandingController#index as HTML
  Rendering landing/index.html.erb within layouts/application
  Rendered landing/index.html.erb within layouts/application (0.7ms)
Completed 200 OK in 29ms (Views: 26.4ms)


Started GET "/" for 127.0.0.1 at 2018-02-26 06:39:38 -0800
Processing by LandingController#index as HTML
  Rendering landing/index.html.erb within layouts/application
  Rendered landing/index.html.erb within layouts/application (0.5ms)
Completed 200 OK in 24ms (Views: 21.8ms)


Started GET "/" for 127.0.0.1 at 2018-02-26 06:41:41 -0800
Processing by LandingController#index as HTML
  Rendering landing/index.html.erb within layouts/application
  Rendered landing/index.html.erb within layouts/application (0.7ms)
Completed 200 OK in 23ms (Views: 19.7ms)


Started GET "/" for 127.0.0.1 at 2018-02-26 06:42:21 -0800
Processing by LandingController#index as HTML
  Rendering landing/index.html.erb within layouts/application
  Rendered landing/index.html.erb within layouts/application (0.6ms)
Completed 200 OK in 36ms (Views: 32.4ms)


Started GET "/" for 127.0.0.1 at 2018-02-26 06:42:42 -0800
Processing by LandingController#index as HTML
  Rendering landing/index.html.erb within layouts/application
  Rendered landing/index.html.erb within layouts/application (0.6ms)
Completed 200 OK in 32ms (Views: 28.3ms)


Started GET "/" for 127.0.0.1 at 2018-02-26 06:42:55 -0800
Processing by LandingController#index as HTML
  Rendering landing/index.html.erb within layouts/application
  Rendered landing/index.html.erb within layouts/application (0.8ms)
Completed 200 OK in 33ms (Views: 28.9ms)


Started GET "/" for 127.0.0.1 at 2018-02-26 06:43:05 -0800
Processing by LandingController#index as HTML
  Rendering landing/index.html.erb within layouts/application
  Rendered landing/index.html.erb within layouts/application (0.5ms)
Completed 200 OK in 25ms (Views: 16.2ms)


Started GET "/" for 127.0.0.1 at 2018-02-26 06:43:08 -0800
Processing by LandingController#index as HTML
  Rendering landing/index.html.erb within layouts/application
  Rendered landing/index.html.erb within layouts/application (0.5ms)
Completed 200 OK in 27ms (Views: 25.0ms)


Started GET "/" for 127.0.0.1 at 2018-02-26 06:43:08 -0800
Processing by LandingController#index as HTML
  Rendering landing/index.html.erb within layouts/application
  Rendered landing/index.html.erb within layouts/application (0.6ms)
Completed 200 OK in 25ms (Views: 22.3ms)


Started GET "/" for 127.0.0.1 at 2018-02-26 06:43:30 -0800
Processing by LandingController#index as HTML
  Rendering landing/index.html.erb within layouts/application
  Rendered landing/index.html.erb within layouts/application (0.6ms)
Completed 200 OK in 21ms (Views: 18.7ms)


Started GET "/" for 127.0.0.1 at 2018-02-26 06:43:32 -0800
Processing by LandingController#index as HTML
  Rendering landing/index.html.erb within layouts/application
  Rendered landing/index.html.erb within layouts/application (0.5ms)
Completed 200 OK in 31ms (Views: 28.6ms)


Started GET "/" for 127.0.0.1 at 2018-02-26 06:43:32 -0800
Processing by LandingController#index as HTML
  Rendering landing/index.html.erb within layouts/application
  Rendered landing/index.html.erb within layouts/application (0.6ms)
Completed 200 OK in 27ms (Views: 24.9ms)


Started GET "/" for 127.0.0.1 at 2018-02-26 06:43:32 -0800
Processing by LandingController#index as HTML
  Rendering landing/index.html.erb within layouts/application
  Rendered landing/index.html.erb within layouts/application (0.5ms)
Completed 200 OK in 26ms (Views: 23.1ms)


Started GET "/" for 127.0.0.1 at 2018-02-26 06:43:33 -0800
Processing by LandingController#index as HTML
  Rendering landing/index.html.erb within layouts/application
  Rendered landing/index.html.erb within layouts/application (0.7ms)
Completed 200 OK in 34ms (Views: 29.9ms)


Started GET "/" for 127.0.0.1 at 2018-02-26 06:43:36 -0800
Processing by LandingController#index as HTML
  Rendering landing/index.html.erb within layouts/application
  Rendered landing/index.html.erb within layouts/application (0.6ms)
Completed 200 OK in 24ms (Views: 20.8ms)


Started GET "/" for 127.0.0.1 at 2018-02-26 06:46:09 -0800
Processing by LandingController#index as HTML
  Rendering landing/index.html.erb within layouts/application
  Rendered landing/index.html.erb within layouts/application (0.9ms)
Completed 200 OK in 25ms (Views: 22.2ms)


Started GET "/" for 127.0.0.1 at 2018-02-26 06:52:32 -0800
Processing by LandingController#index as HTML
  Rendering landing/index.html.erb within layouts/application
  Rendered landing/index.html.erb within layouts/application (0.7ms)
Completed 200 OK in 42ms (Views: 39.5ms)


Started GET "/" for 127.0.0.1 at 2018-02-26 07:02:50 -0800
Processing by LandingController#index as HTML
  Rendering landing/index.html.erb within layouts/application
  Rendered landing/index.html.erb within layouts/application (0.8ms)
Completed 200 OK in 27ms (Views: 23.6ms)


Started GET "/" for 127.0.0.1 at 2018-02-26 07:03:37 -0800
Processing by LandingController#index as HTML
  Rendering landing/index.html.erb within layouts/application
  Rendered landing/index.html.erb within layouts/application (1.0ms)
Completed 200 OK in 34ms (Views: 28.6ms)


Started GET "/" for 127.0.0.1 at 2018-02-26 07:03:39 -0800
Processing by LandingController#index as HTML
  Rendering landing/index.html.erb within layouts/application
  Rendered landing/index.html.erb within layouts/application (0.4ms)
Completed 200 OK in 20ms (Views: 17.5ms)


Started GET "/" for 127.0.0.1 at 2018-02-26 07:03:45 -0800
Processing by LandingController#index as HTML
  Rendering landing/index.html.erb within layouts/application
  Rendered landing/index.html.erb within layouts/application (0.5ms)
Completed 200 OK in 20ms (Views: 17.2ms)


Started GET "/" for 127.0.0.1 at 2018-02-26 07:03:59 -0800
Processing by LandingController#index as HTML
  Rendering landing/index.html.erb within layouts/application
  Rendered landing/index.html.erb within layouts/application (0.4ms)
Completed 200 OK in 20ms (Views: 17.4ms)


Started GET "/" for 127.0.0.1 at 2018-02-26 07:05:48 -0800
Processing by LandingController#index as HTML
  Rendering landing/index.html.erb within layouts/application
  Rendered landing/index.html.erb within layouts/application (0.8ms)
Completed 200 OK in 28ms (Views: 25.5ms)


Started GET "/" for 127.0.0.1 at 2018-02-26 07:06:30 -0800
Processing by LandingController#index as HTML
  Rendering landing/index.html.erb within layouts/application
  Rendered landing/index.html.erb within layouts/application (0.5ms)
Completed 200 OK in 25ms (Views: 22.1ms)


Started GET "/" for 127.0.0.1 at 2018-02-26 07:07:00 -0800
Processing by LandingController#index as HTML
  Rendering landing/index.html.erb within layouts/application
  Rendered landing/index.html.erb within layouts/application (0.7ms)
Completed 200 OK in 22ms (Views: 19.5ms)


Started GET "/" for 127.0.0.1 at 2018-02-26 07:07:08 -0800
Processing by LandingController#index as HTML
  Rendering landing/index.html.erb within layouts/application
  Rendered landing/index.html.erb within layouts/application (0.6ms)
Completed 200 OK in 28ms (Views: 24.5ms)


Started GET "/" for 127.0.0.1 at 2018-02-26 07:07:33 -0800
Processing by LandingController#index as HTML
  Rendering landing/index.html.erb within layouts/application
  Rendered landing/index.html.erb within layouts/application (0.8ms)
Completed 200 OK in 25ms (Views: 22.9ms)


Started GET "/" for 127.0.0.1 at 2018-02-26 07:07:36 -0800
Processing by LandingController#index as HTML
  Rendering landing/index.html.erb within layouts/application
  Rendered landing/index.html.erb within layouts/application (0.5ms)
Completed 200 OK in 20ms (Views: 17.9ms)


Started GET "/" for 127.0.0.1 at 2018-02-26 07:08:31 -0800
Processing by LandingController#index as HTML
  Rendering landing/index.html.erb within layouts/application
  Rendered landing/index.html.erb within layouts/application (0.5ms)
Completed 200 OK in 22ms (Views: 19.3ms)


Started GET "/" for 127.0.0.1 at 2018-02-26 07:12:45 -0800
Processing by LandingController#index as HTML
  Rendering landing/index.html.erb within layouts/application
  Rendered landing/index.html.erb within layouts/application (0.6ms)
Completed 200 OK in 32ms (Views: 28.8ms)


Started GET "/" for 127.0.0.1 at 2018-02-26 07:19:48 -0800
Processing by LandingController#index as HTML
  Rendering landing/index.html.erb within layouts/application
  Rendered landing/index.html.erb within layouts/application (0.5ms)
Completed 200 OK in 21ms (Views: 19.0ms)


Started GET "/" for 127.0.0.1 at 2018-02-26 07:20:03 -0800
Processing by LandingController#index as HTML
  Rendering landing/index.html.erb within layouts/application
  Rendered landing/index.html.erb within layouts/application (0.6ms)
Completed 200 OK in 20ms (Views: 17.9ms)


Started GET "/" for 127.0.0.1 at 2018-02-26 07:20:20 -0800
Processing by LandingController#index as HTML
  Rendering landing/index.html.erb within layouts/application
  Rendered landing/index.html.erb within layouts/application (0.5ms)
Completed 200 OK in 21ms (Views: 18.3ms)


Started GET "/" for 127.0.0.1 at 2018-02-26 07:20:33 -0800
Processing by LandingController#index as HTML
  Rendering landing/index.html.erb within layouts/application
  Rendered landing/index.html.erb within layouts/application (0.8ms)
Completed 200 OK in 25ms (Views: 21.2ms)


Started GET "/" for 127.0.0.1 at 2018-02-26 07:20:42 -0800
Processing by LandingController#index as HTML
  Rendering landing/index.html.erb within layouts/application
  Rendered landing/index.html.erb within layouts/application (0.7ms)
Completed 200 OK in 36ms (Views: 32.3ms)


Started GET "/" for 127.0.0.1 at 2018-02-26 07:20:48 -0800
Processing by LandingController#index as HTML
  Rendering landing/index.html.erb within layouts/application
  Rendered landing/index.html.erb within layouts/application (0.5ms)
Completed 200 OK in 23ms (Views: 20.0ms)


Started GET "/" for 127.0.0.1 at 2018-02-26 07:29:43 -0800
Processing by LandingController#index as HTML
  Rendering landing/index.html.erb within layouts/application
  Rendered landing/index.html.erb within layouts/application (0.5ms)
Completed 200 OK in 24ms (Views: 20.5ms)


Started GET "/" for 127.0.0.1 at 2018-02-26 07:30:18 -0800
Processing by LandingController#index as HTML
  Rendering landing/index.html.erb within layouts/application
  Rendered landing/index.html.erb within layouts/application (2.8ms)
Completed 200 OK in 30ms (Views: 27.0ms)


Started GET "/" for 127.0.0.1 at 2018-02-26 07:45:33 -0800
Processing by LandingController#index as HTML
  Rendering landing/index.html.erb within layouts/application
  Rendered landing/index.html.erb within layouts/application (0.7ms)
Completed 200 OK in 54ms (Views: 51.6ms)


Started GET "/" for 127.0.0.1 at 2018-02-26 07:45:48 -0800
Processing by LandingController#index as HTML
  Rendering landing/index.html.erb within layouts/application
  Rendered landing/index.html.erb within layouts/application (0.5ms)
Completed 200 OK in 25ms (Views: 22.9ms)


Started GET "/" for 127.0.0.1 at 2018-02-26 07:45:56 -0800
Processing by LandingController#index as HTML
  Rendering landing/index.html.erb within layouts/application
  Rendered landing/index.html.erb within layouts/application (0.6ms)
Completed 200 OK in 35ms (Views: 32.8ms)


Started GET "/" for 127.0.0.1 at 2018-02-26 07:45:58 -0800
Processing by LandingController#index as HTML
  Rendering landing/index.html.erb within layouts/application
  Rendered landing/index.html.erb within layouts/application (0.5ms)
Completed 200 OK in 28ms (Views: 24.5ms)


Started GET "/" for 127.0.0.1 at 2018-02-26 07:46:09 -0800
Processing by LandingController#index as HTML
  Rendering landing/index.html.erb within layouts/application
  Rendered landing/index.html.erb within layouts/application (0.6ms)
Completed 200 OK in 37ms (Views: 34.5ms)


Started GET "/" for 127.0.0.1 at 2018-02-26 07:47:45 -0800
Processing by LandingController#index as HTML
  Rendering landing/index.html.erb within layouts/application
  Rendered landing/index.html.erb within layouts/application (0.5ms)
Completed 200 OK in 22ms (Views: 19.2ms)


Started GET "/" for 127.0.0.1 at 2018-02-26 07:48:04 -0800
Processing by LandingController#index as HTML
  Rendering landing/index.html.erb within layouts/application
  Rendered landing/index.html.erb within layouts/application (0.6ms)
Completed 200 OK in 24ms (Views: 21.4ms)


Started GET "/" for 127.0.0.1 at 2018-02-26 07:48:06 -0800
Processing by LandingController#index as HTML
  Rendering landing/index.html.erb within layouts/application
  Rendered landing/index.html.erb within layouts/application (0.6ms)
Completed 200 OK in 30ms (Views: 27.7ms)


Started GET "/" for 127.0.0.1 at 2018-02-26 07:48:57 -0800
Processing by LandingController#index as HTML
  Rendering landing/index.html.erb within layouts/application
  Rendered landing/index.html.erb within layouts/application (0.5ms)
Completed 200 OK in 26ms (Views: 22.9ms)


Started GET "/" for 127.0.0.1 at 2018-02-26 07:49:03 -0800
Processing by LandingController#index as HTML
  Rendering landing/index.html.erb within layouts/application
  Rendered landing/index.html.erb within layouts/application (0.7ms)
Completed 200 OK in 43ms (Views: 40.2ms)


Started GET "/" for 127.0.0.1 at 2018-02-26 07:49:05 -0800
Processing by LandingController#index as HTML
  Rendering landing/index.html.erb within layouts/application
  Rendered landing/index.html.erb within layouts/application (0.6ms)
Completed 200 OK in 25ms (Views: 22.5ms)


Started GET "/" for 127.0.0.1 at 2018-02-26 07:49:07 -0800
Processing by LandingController#index as HTML
  Rendering landing/index.html.erb within layouts/application
  Rendered landing/index.html.erb within layouts/application (0.5ms)
Completed 200 OK in 20ms (Views: 17.9ms)


Started GET "/" for 127.0.0.1 at 2018-02-26 07:49:17 -0800
Processing by LandingController#index as HTML
  Rendering landing/index.html.erb within layouts/application
  Rendered landing/index.html.erb within layouts/application (5.1ms)
Completed 200 OK in 35ms (Views: 32.0ms)


Started GET "/" for 127.0.0.1 at 2018-02-26 07:49:23 -0800
Processing by LandingController#index as HTML
  Rendering landing/index.html.erb within layouts/application
  Rendered landing/index.html.erb within layouts/application (1.7ms)
Completed 200 OK in 42ms (Views: 37.9ms)


Started GET "/" for 127.0.0.1 at 2018-02-26 07:49:41 -0800
Processing by LandingController#index as HTML
  Rendering landing/index.html.erb within layouts/application
  Rendered landing/index.html.erb within layouts/application (0.9ms)
Completed 200 OK in 37ms (Views: 31.9ms)


Started GET "/" for 127.0.0.1 at 2018-02-26 07:50:02 -0800
Processing by LandingController#index as HTML
  Rendering landing/index.html.erb within layouts/application
  Rendered landing/index.html.erb within layouts/application (0.9ms)
Completed 200 OK in 28ms (Views: 25.2ms)


Started GET "/" for 127.0.0.1 at 2018-02-26 07:50:04 -0800
Processing by LandingController#index as HTML
  Rendering landing/index.html.erb within layouts/application
  Rendered landing/index.html.erb within layouts/application (0.6ms)
Completed 200 OK in 26ms (Views: 22.7ms)


Started GET "/" for 127.0.0.1 at 2018-02-26 07:50:11 -0800
Processing by LandingController#index as HTML
  Rendering landing/index.html.erb within layouts/application
  Rendered landing/index.html.erb within layouts/application (0.8ms)
Completed 200 OK in 30ms (Views: 27.1ms)


Started GET "/" for 127.0.0.1 at 2018-02-26 07:50:24 -0800
Processing by LandingController#index as HTML
  Rendering landing/index.html.erb within layouts/application
  Rendered landing/index.html.erb within layouts/application (0.6ms)
[Webpacker] Compiling…
[Webpacker] Compiled all packs in /Users/irisinami/Documents/rubysht/irisinami/public/packs
Completed 200 OK in 2881ms (Views: 2877.4ms)


Started GET "/" for 127.0.0.1 at 2018-02-26 07:50:31 -0800
Processing by LandingController#index as HTML
  Rendering landing/index.html.erb within layouts/application
  Rendered landing/index.html.erb within layouts/application (0.6ms)
Completed 200 OK in 25ms (Views: 21.7ms)


Started GET "/" for 127.0.0.1 at 2018-02-26 07:50:46 -0800
Processing by LandingController#index as HTML
  Rendering landing/index.html.erb within layouts/application
  Rendered landing/index.html.erb within layouts/application (0.7ms)
Completed 200 OK in 25ms (Views: 22.4ms)


Started GET "/" for 127.0.0.1 at 2018-02-26 07:50:46 -0800
Processing by LandingController#index as HTML
  Rendering landing/index.html.erb within layouts/application
  Rendered landing/index.html.erb within layouts/application (1.1ms)
Completed 200 OK in 35ms (Views: 30.7ms)


Started GET "/" for 127.0.0.1 at 2018-02-26 07:50:50 -0800
Processing by LandingController#index as HTML
  Rendering landing/index.html.erb within layouts/application
  Rendered landing/index.html.erb within layouts/application (0.6ms)
Completed 200 OK in 28ms (Views: 24.7ms)


Started GET "/" for 127.0.0.1 at 2018-02-26 07:50:53 -0800
Processing by LandingController#index as HTML
  Rendering landing/index.html.erb within layouts/application
  Rendered landing/index.html.erb within layouts/application (0.7ms)
Completed 200 OK in 46ms (Views: 39.4ms)


Started GET "/" for 127.0.0.1 at 2018-02-26 07:51:20 -0800
Processing by LandingController#index as HTML
  Rendering landing/index.html.erb within layouts/application
  Rendered landing/index.html.erb within layouts/application (2.2ms)
[Webpacker] Compiling…
[Webpacker] Compiled all packs in /Users/irisinami/Documents/rubysht/irisinami/public/packs
Completed 200 OK in 5136ms (Views: 4830.4ms)


Started GET "/" for 127.0.0.1 at 2018-02-26 07:51:39 -0800
Processing by LandingController#index as HTML
  Rendering landing/index.html.erb within layouts/application
  Rendered landing/index.html.erb within layouts/application (0.8ms)
Completed 200 OK in 28ms (Views: 24.9ms)


Started GET "/" for 127.0.0.1 at 2018-02-26 07:51:52 -0800
Processing by LandingController#index as HTML
  Rendering landing/index.html.erb within layouts/application
  Rendered landing/index.html.erb within layouts/application (0.4ms)
Completed 200 OK in 21ms (Views: 18.3ms)


Started GET "/" for 127.0.0.1 at 2018-02-26 07:52:09 -0800
Processing by LandingController#index as HTML
  Rendering landing/index.html.erb within layouts/application
  Rendered landing/index.html.erb within layouts/application (0.8ms)
Completed 200 OK in 29ms (Views: 26.4ms)


Started GET "/" for 127.0.0.1 at 2018-02-26 07:52:11 -0800
Processing by LandingController#index as HTML
  Rendering landing/index.html.erb within layouts/application
  Rendered landing/index.html.erb within layouts/application (1.7ms)
Completed 200 OK in 31ms (Views: 26.6ms)


Started GET "/" for 127.0.0.1 at 2018-02-26 07:52:15 -0800
Processing by LandingController#index as HTML
  Rendering landing/index.html.erb within layouts/application
  Rendered landing/index.html.erb within layouts/application (0.6ms)
Completed 200 OK in 24ms (Views: 21.6ms)


Started GET "/" for 127.0.0.1 at 2018-02-26 07:52:34 -0800
Processing by LandingController#index as HTML
  Rendering landing/index.html.erb within layouts/application
  Rendered landing/index.html.erb within layouts/application (0.5ms)
Completed 200 OK in 25ms (Views: 22.3ms)


Started GET "/" for 127.0.0.1 at 2018-02-26 07:52:50 -0800
Processing by LandingController#index as HTML
  Rendering landing/index.html.erb within layouts/application
  Rendered landing/index.html.erb within layouts/application (0.6ms)
Completed 200 OK in 44ms (Views: 39.9ms)


Started GET "/" for 127.0.0.1 at 2018-02-26 07:52:52 -0800
Processing by LandingController#index as HTML
  Rendering landing/index.html.erb within layouts/application
  Rendered landing/index.html.erb within layouts/application (0.6ms)
Completed 200 OK in 23ms (Views: 20.0ms)


Started GET "/" for 127.0.0.1 at 2018-02-26 07:55:17 -0800
Processing by LandingController#index as HTML
  Rendering landing/index.html.erb within layouts/application
  Rendered landing/index.html.erb within layouts/application (0.6ms)
Completed 200 OK in 35ms (Views: 32.3ms)


Started GET "/" for 127.0.0.1 at 2018-02-26 07:55:27 -0800
Processing by LandingController#index as HTML
  Rendering landing/index.html.erb within layouts/application
  Rendered landing/index.html.erb within layouts/application (0.8ms)
Completed 200 OK in 28ms (Views: 25.2ms)


